<?xml version="1.0" encoding="UTF-8"?>
<testsuite xmlns:xsi="http://www.w3.org/2001/XMLSchema-instance" xsi:noNamespaceSchemaLocation="https://maven.apache.org/surefire/maven-surefire-plugin/xsd/surefire-test-report-3.0.xsd" version="3.0" name="com.opstty.mapper.TokenizerMapperTest" time="0.227" tests="1" errors="0" skipped="0" failures="0">
  <properties>
    <property name="gopherProxySet" value="false"/>
    <property name="awt.toolkit" value="sun.lwawt.macosx.LWCToolkit"/>
    <property name="file.encoding.pkg" value="sun.io"/>
    <property name="java.specification.version" value="1.8"/>
    <property name="sun.cpu.isalist" value=""/>
    <property name="sun.jnu.encoding" value="UTF-8"/>
    <property name="java.class.path" value="/Users/arthyuthayarajah/workspace/project/hadoop-examples-mapreduce/target/test-classes:/Users/arthyuthayarajah/workspace/project/hadoop-examples-mapreduce/target/classes:/Users/arthyuthayarajah/.m2/repository/org/apache/hadoop/hadoop-common/3.2.2/hadoop-common-3.2.2.jar:/Users/arthyuthayarajah/.m2/repository/org/apache/hadoop/hadoop-annotations/3.2.2/hadoop-annotations-3.2.2.jar:/Library/Java/JavaVirtualMachines/adoptopenjdk-8.jdk/Contents/Home/jre/../lib/tools.jar:/Users/arthyuthayarajah/.m2/repository/com/google/guava/guava/27.0-jre/guava-27.0-jre.jar:/Users/arthyuthayarajah/.m2/repository/com/google/guava/failureaccess/1.0/failureaccess-1.0.jar:/Users/arthyuthayarajah/.m2/repository/com/google/guava/listenablefuture/9999.0-empty-to-avoid-conflict-with-guava/listenablefuture-9999.0-empty-to-avoid-conflict-with-guava.jar:/Users/arthyuthayarajah/.m2/repository/org/checkerframework/checker-qual/2.5.2/checker-qual-2.5.2.jar:/Users/arthyuthayarajah/.m2/repository/com/google/errorprone/error_prone_annotations/2.2.0/error_prone_annotations-2.2.0.jar:/Users/arthyuthayarajah/.m2/repository/com/google/j2objc/j2objc-annotations/1.1/j2objc-annotations-1.1.jar:/Users/arthyuthayarajah/.m2/repository/org/codehaus/mojo/animal-sniffer-annotations/1.17/animal-sniffer-annotations-1.17.jar:/Users/arthyuthayarajah/.m2/repository/commons-cli/commons-cli/1.2/commons-cli-1.2.jar:/Users/arthyuthayarajah/.m2/repository/org/apache/commons/commons-math3/3.1.1/commons-math3-3.1.1.jar:/Users/arthyuthayarajah/.m2/repository/org/apache/httpcomponents/httpclient/4.5.13/httpclient-4.5.13.jar:/Users/arthyuthayarajah/.m2/repository/org/apache/httpcomponents/httpcore/4.4.13/httpcore-4.4.13.jar:/Users/arthyuthayarajah/.m2/repository/commons-codec/commons-codec/1.11/commons-codec-1.11.jar:/Users/arthyuthayarajah/.m2/repository/commons-io/commons-io/2.5/commons-io-2.5.jar:/Users/arthyuthayarajah/.m2/repository/commons-net/commons-net/3.6/commons-net-3.6.jar:/Users/arthyuthayarajah/.m2/repository/commons-collections/commons-collections/3.2.2/commons-collections-3.2.2.jar:/Users/arthyuthayarajah/.m2/repository/javax/servlet/javax.servlet-api/3.1.0/javax.servlet-api-3.1.0.jar:/Users/arthyuthayarajah/.m2/repository/javax/activation/javax.activation-api/1.2.0/javax.activation-api-1.2.0.jar:/Users/arthyuthayarajah/.m2/repository/org/eclipse/jetty/jetty-server/9.4.20.v20190813/jetty-server-9.4.20.v20190813.jar:/Users/arthyuthayarajah/.m2/repository/org/eclipse/jetty/jetty-http/9.4.20.v20190813/jetty-http-9.4.20.v20190813.jar:/Users/arthyuthayarajah/.m2/repository/org/eclipse/jetty/jetty-io/9.4.20.v20190813/jetty-io-9.4.20.v20190813.jar:/Users/arthyuthayarajah/.m2/repository/org/eclipse/jetty/jetty-util/9.4.20.v20190813/jetty-util-9.4.20.v20190813.jar:/Users/arthyuthayarajah/.m2/repository/org/eclipse/jetty/jetty-servlet/9.4.20.v20190813/jetty-servlet-9.4.20.v20190813.jar:/Users/arthyuthayarajah/.m2/repository/org/eclipse/jetty/jetty-security/9.4.20.v20190813/jetty-security-9.4.20.v20190813.jar:/Users/arthyuthayarajah/.m2/repository/org/eclipse/jetty/jetty-webapp/9.4.20.v20190813/jetty-webapp-9.4.20.v20190813.jar:/Users/arthyuthayarajah/.m2/repository/org/eclipse/jetty/jetty-xml/9.4.20.v20190813/jetty-xml-9.4.20.v20190813.jar:/Users/arthyuthayarajah/.m2/repository/javax/servlet/jsp/jsp-api/2.1/jsp-api-2.1.jar:/Users/arthyuthayarajah/.m2/repository/com/sun/jersey/jersey-core/1.19/jersey-core-1.19.jar:/Users/arthyuthayarajah/.m2/repository/javax/ws/rs/jsr311-api/1.1.1/jsr311-api-1.1.1.jar:/Users/arthyuthayarajah/.m2/repository/com/sun/jersey/jersey-servlet/1.19/jersey-servlet-1.19.jar:/Users/arthyuthayarajah/.m2/repository/com/sun/jersey/jersey-json/1.19/jersey-json-1.19.jar:/Users/arthyuthayarajah/.m2/repository/org/codehaus/jettison/jettison/1.1/jettison-1.1.jar:/Users/arthyuthayarajah/.m2/repository/com/sun/xml/bind/jaxb-impl/2.2.3-1/jaxb-impl-2.2.3-1.jar:/Users/arthyuthayarajah/.m2/repository/org/codehaus/jackson/jackson-core-asl/1.9.2/jackson-core-asl-1.9.2.jar:/Users/arthyuthayarajah/.m2/repository/org/codehaus/jackson/jackson-mapper-asl/1.9.2/jackson-mapper-asl-1.9.2.jar:/Users/arthyuthayarajah/.m2/repository/org/codehaus/jackson/jackson-jaxrs/1.9.2/jackson-jaxrs-1.9.2.jar:/Users/arthyuthayarajah/.m2/repository/org/codehaus/jackson/jackson-xc/1.9.2/jackson-xc-1.9.2.jar:/Users/arthyuthayarajah/.m2/repository/com/sun/jersey/jersey-server/1.19/jersey-server-1.19.jar:/Users/arthyuthayarajah/.m2/repository/commons-logging/commons-logging/1.1.3/commons-logging-1.1.3.jar:/Users/arthyuthayarajah/.m2/repository/log4j/log4j/1.2.17/log4j-1.2.17.jar:/Users/arthyuthayarajah/.m2/repository/commons-beanutils/commons-beanutils/1.9.4/commons-beanutils-1.9.4.jar:/Users/arthyuthayarajah/.m2/repository/org/apache/commons/commons-configuration2/2.1.1/commons-configuration2-2.1.1.jar:/Users/arthyuthayarajah/.m2/repository/org/apache/commons/commons-lang3/3.7/commons-lang3-3.7.jar:/Users/arthyuthayarajah/.m2/repository/org/apache/commons/commons-text/1.4/commons-text-1.4.jar:/Users/arthyuthayarajah/.m2/repository/org/slf4j/slf4j-api/1.7.25/slf4j-api-1.7.25.jar:/Users/arthyuthayarajah/.m2/repository/org/slf4j/slf4j-log4j12/1.7.25/slf4j-log4j12-1.7.25.jar:/Users/arthyuthayarajah/.m2/repository/org/apache/avro/avro/1.7.7/avro-1.7.7.jar:/Users/arthyuthayarajah/.m2/repository/com/thoughtworks/paranamer/paranamer/2.3/paranamer-2.3.jar:/Users/arthyuthayarajah/.m2/repository/org/xerial/snappy/snappy-java/1.0.5/snappy-java-1.0.5.jar:/Users/arthyuthayarajah/.m2/repository/com/google/re2j/re2j/1.1/re2j-1.1.jar:/Users/arthyuthayarajah/.m2/repository/com/google/protobuf/protobuf-java/2.5.0/protobuf-java-2.5.0.jar:/Users/arthyuthayarajah/.m2/repository/com/google/code/gson/gson/2.2.4/gson-2.2.4.jar:/Users/arthyuthayarajah/.m2/repository/org/apache/hadoop/hadoop-auth/3.2.2/hadoop-auth-3.2.2.jar:/Users/arthyuthayarajah/.m2/repository/com/nimbusds/nimbus-jose-jwt/7.9/nimbus-jose-jwt-7.9.jar:/Users/arthyuthayarajah/.m2/repository/com/github/stephenc/jcip/jcip-annotations/1.0-1/jcip-annotations-1.0-1.jar:/Users/arthyuthayarajah/.m2/repository/net/minidev/json-smart/2.3/json-smart-2.3.jar:/Users/arthyuthayarajah/.m2/repository/net/minidev/accessors-smart/1.2/accessors-smart-1.2.jar:/Users/arthyuthayarajah/.m2/repository/org/ow2/asm/asm/5.0.4/asm-5.0.4.jar:/Users/arthyuthayarajah/.m2/repository/org/apache/curator/curator-framework/2.13.0/curator-framework-2.13.0.jar:/Users/arthyuthayarajah/.m2/repository/com/jcraft/jsch/0.1.55/jsch-0.1.55.jar:/Users/arthyuthayarajah/.m2/repository/org/apache/curator/curator-client/2.13.0/curator-client-2.13.0.jar:/Users/arthyuthayarajah/.m2/repository/org/apache/curator/curator-recipes/2.13.0/curator-recipes-2.13.0.jar:/Users/arthyuthayarajah/.m2/repository/com/google/code/findbugs/jsr305/3.0.2/jsr305-3.0.2.jar:/Users/arthyuthayarajah/.m2/repository/org/apache/htrace/htrace-core4/4.1.0-incubating/htrace-core4-4.1.0-incubating.jar:/Users/arthyuthayarajah/.m2/repository/org/apache/zookeeper/zookeeper/3.4.13/zookeeper-3.4.13.jar:/Users/arthyuthayarajah/.m2/repository/jline/jline/0.9.94/jline-0.9.94.jar:/Users/arthyuthayarajah/.m2/repository/org/apache/yetus/audience-annotations/0.5.0/audience-annotations-0.5.0.jar:/Users/arthyuthayarajah/.m2/repository/org/apache/commons/commons-compress/1.19/commons-compress-1.19.jar:/Users/arthyuthayarajah/.m2/repository/org/apache/kerby/kerb-simplekdc/1.0.1/kerb-simplekdc-1.0.1.jar:/Users/arthyuthayarajah/.m2/repository/org/apache/kerby/kerb-client/1.0.1/kerb-client-1.0.1.jar:/Users/arthyuthayarajah/.m2/repository/org/apache/kerby/kerby-config/1.0.1/kerby-config-1.0.1.jar:/Users/arthyuthayarajah/.m2/repository/org/apache/kerby/kerb-core/1.0.1/kerb-core-1.0.1.jar:/Users/arthyuthayarajah/.m2/repository/org/apache/kerby/kerby-pkix/1.0.1/kerby-pkix-1.0.1.jar:/Users/arthyuthayarajah/.m2/repository/org/apache/kerby/kerby-asn1/1.0.1/kerby-asn1-1.0.1.jar:/Users/arthyuthayarajah/.m2/repository/org/apache/kerby/kerby-util/1.0.1/kerby-util-1.0.1.jar:/Users/arthyuthayarajah/.m2/repository/org/apache/kerby/kerb-common/1.0.1/kerb-common-1.0.1.jar:/Users/arthyuthayarajah/.m2/repository/org/apache/kerby/kerb-crypto/1.0.1/kerb-crypto-1.0.1.jar:/Users/arthyuthayarajah/.m2/repository/org/apache/kerby/kerb-util/1.0.1/kerb-util-1.0.1.jar:/Users/arthyuthayarajah/.m2/repository/org/apache/kerby/token-provider/1.0.1/token-provider-1.0.1.jar:/Users/arthyuthayarajah/.m2/repository/org/apache/kerby/kerb-admin/1.0.1/kerb-admin-1.0.1.jar:/Users/arthyuthayarajah/.m2/repository/org/apache/kerby/kerb-server/1.0.1/kerb-server-1.0.1.jar:/Users/arthyuthayarajah/.m2/repository/org/apache/kerby/kerb-identity/1.0.1/kerb-identity-1.0.1.jar:/Users/arthyuthayarajah/.m2/repository/org/apache/kerby/kerby-xdr/1.0.1/kerby-xdr-1.0.1.jar:/Users/arthyuthayarajah/.m2/repository/com/fasterxml/jackson/core/jackson-databind/2.9.10.4/jackson-databind-2.9.10.4.jar:/Users/arthyuthayarajah/.m2/repository/com/fasterxml/jackson/core/jackson-annotations/2.9.10/jackson-annotations-2.9.10.jar:/Users/arthyuthayarajah/.m2/repository/com/fasterxml/jackson/core/jackson-core/2.9.10/jackson-core-2.9.10.jar:/Users/arthyuthayarajah/.m2/repository/org/codehaus/woodstox/stax2-api/3.1.4/stax2-api-3.1.4.jar:/Users/arthyuthayarajah/.m2/repository/com/fasterxml/woodstox/woodstox-core/5.0.3/woodstox-core-5.0.3.jar:/Users/arthyuthayarajah/.m2/repository/dnsjava/dnsjava/2.1.7/dnsjava-2.1.7.jar:/Users/arthyuthayarajah/.m2/repository/org/apache/hadoop/hadoop-client/3.2.2/hadoop-client-3.2.2.jar:/Users/arthyuthayarajah/.m2/repository/org/apache/hadoop/hadoop-hdfs-client/3.2.2/hadoop-hdfs-client-3.2.2.jar:/Users/arthyuthayarajah/.m2/repository/com/squareup/okhttp/okhttp/2.7.5/okhttp-2.7.5.jar:/Users/arthyuthayarajah/.m2/repository/com/squareup/okio/okio/1.6.0/okio-1.6.0.jar:/Users/arthyuthayarajah/.m2/repository/org/apache/hadoop/hadoop-yarn-api/3.2.2/hadoop-yarn-api-3.2.2.jar:/Users/arthyuthayarajah/.m2/repository/javax/xml/bind/jaxb-api/2.2.11/jaxb-api-2.2.11.jar:/Users/arthyuthayarajah/.m2/repository/org/apache/hadoop/hadoop-yarn-client/3.2.2/hadoop-yarn-client-3.2.2.jar:/Users/arthyuthayarajah/.m2/repository/org/apache/hadoop/hadoop-mapreduce-client-core/3.2.2/hadoop-mapreduce-client-core-3.2.2.jar:/Users/arthyuthayarajah/.m2/repository/org/apache/hadoop/hadoop-yarn-common/3.2.2/hadoop-yarn-common-3.2.2.jar:/Users/arthyuthayarajah/.m2/repository/com/sun/jersey/jersey-client/1.19/jersey-client-1.19.jar:/Users/arthyuthayarajah/.m2/repository/com/fasterxml/jackson/module/jackson-module-jaxb-annotations/2.9.10/jackson-module-jaxb-annotations-2.9.10.jar:/Users/arthyuthayarajah/.m2/repository/com/fasterxml/jackson/jaxrs/jackson-jaxrs-json-provider/2.9.10/jackson-jaxrs-json-provider-2.9.10.jar:/Users/arthyuthayarajah/.m2/repository/com/fasterxml/jackson/jaxrs/jackson-jaxrs-base/2.9.10/jackson-jaxrs-base-2.9.10.jar:/Users/arthyuthayarajah/.m2/repository/org/apache/hadoop/hadoop-mapreduce-client-jobclient/3.2.2/hadoop-mapreduce-client-jobclient-3.2.2.jar:/Users/arthyuthayarajah/.m2/repository/org/apache/hadoop/hadoop-mapreduce-client-common/3.2.2/hadoop-mapreduce-client-common-3.2.2.jar:/Users/arthyuthayarajah/.m2/repository/org/apache/hadoop/hadoop-hdfs/3.2.2/hadoop-hdfs-3.2.2.jar:/Users/arthyuthayarajah/.m2/repository/org/eclipse/jetty/jetty-util-ajax/9.4.20.v20190813/jetty-util-ajax-9.4.20.v20190813.jar:/Users/arthyuthayarajah/.m2/repository/commons-daemon/commons-daemon/1.0.13/commons-daemon-1.0.13.jar:/Users/arthyuthayarajah/.m2/repository/io/netty/netty/3.10.6.Final/netty-3.10.6.Final.jar:/Users/arthyuthayarajah/.m2/repository/io/netty/netty-all/4.1.48.Final/netty-all-4.1.48.Final.jar:/Users/arthyuthayarajah/.m2/repository/org/fusesource/leveldbjni/leveldbjni-all/1.8/leveldbjni-all-1.8.jar:/Users/arthyuthayarajah/.m2/repository/junit/junit/4.11/junit-4.11.jar:/Users/arthyuthayarajah/.m2/repository/org/hamcrest/hamcrest-core/1.3/hamcrest-core-1.3.jar:/Users/arthyuthayarajah/.m2/repository/org/mockito/mockito-all/1.10.19/mockito-all-1.10.19.jar:"/>
    <property name="java.vm.vendor" value="AdoptOpenJDK"/>
    <property name="sun.arch.data.model" value="64"/>
    <property name="java.vendor.url" value="https://adoptopenjdk.net/"/>
    <property name="user.timezone" value=""/>
    <property name="java.vm.specification.version" value="1.8"/>
    <property name="os.name" value="Mac OS X"/>
    <property name="user.country" value="FR"/>
    <property name="sun.java.launcher" value="SUN_STANDARD"/>
    <property name="sun.boot.library.path" value="/Library/Java/JavaVirtualMachines/adoptopenjdk-8.jdk/Contents/Home/jre/lib"/>
    <property name="sun.java.command" value="/Users/arthyuthayarajah/workspace/project/hadoop-examples-mapreduce/target/surefire/surefirebooter-20240717174835518_3.jar /Users/arthyuthayarajah/workspace/project/hadoop-examples-mapreduce/target/surefire 2024-07-17T17-48-35_402-jvmRun1 surefire-20240717174835518_1tmp surefire_0-20240717174835518_2tmp"/>
    <property name="http.nonProxyHosts" value="local|*.local|169.254/16|*.169.254/16"/>
    <property name="surefire.test.class.path" value="/Users/arthyuthayarajah/workspace/project/hadoop-examples-mapreduce/target/test-classes:/Users/arthyuthayarajah/workspace/project/hadoop-examples-mapreduce/target/classes:/Users/arthyuthayarajah/.m2/repository/org/apache/hadoop/hadoop-common/3.2.2/hadoop-common-3.2.2.jar:/Users/arthyuthayarajah/.m2/repository/org/apache/hadoop/hadoop-annotations/3.2.2/hadoop-annotations-3.2.2.jar:/Library/Java/JavaVirtualMachines/adoptopenjdk-8.jdk/Contents/Home/jre/../lib/tools.jar:/Users/arthyuthayarajah/.m2/repository/com/google/guava/guava/27.0-jre/guava-27.0-jre.jar:/Users/arthyuthayarajah/.m2/repository/com/google/guava/failureaccess/1.0/failureaccess-1.0.jar:/Users/arthyuthayarajah/.m2/repository/com/google/guava/listenablefuture/9999.0-empty-to-avoid-conflict-with-guava/listenablefuture-9999.0-empty-to-avoid-conflict-with-guava.jar:/Users/arthyuthayarajah/.m2/repository/org/checkerframework/checker-qual/2.5.2/checker-qual-2.5.2.jar:/Users/arthyuthayarajah/.m2/repository/com/google/errorprone/error_prone_annotations/2.2.0/error_prone_annotations-2.2.0.jar:/Users/arthyuthayarajah/.m2/repository/com/google/j2objc/j2objc-annotations/1.1/j2objc-annotations-1.1.jar:/Users/arthyuthayarajah/.m2/repository/org/codehaus/mojo/animal-sniffer-annotations/1.17/animal-sniffer-annotations-1.17.jar:/Users/arthyuthayarajah/.m2/repository/commons-cli/commons-cli/1.2/commons-cli-1.2.jar:/Users/arthyuthayarajah/.m2/repository/org/apache/commons/commons-math3/3.1.1/commons-math3-3.1.1.jar:/Users/arthyuthayarajah/.m2/repository/org/apache/httpcomponents/httpclient/4.5.13/httpclient-4.5.13.jar:/Users/arthyuthayarajah/.m2/repository/org/apache/httpcomponents/httpcore/4.4.13/httpcore-4.4.13.jar:/Users/arthyuthayarajah/.m2/repository/commons-codec/commons-codec/1.11/commons-codec-1.11.jar:/Users/arthyuthayarajah/.m2/repository/commons-io/commons-io/2.5/commons-io-2.5.jar:/Users/arthyuthayarajah/.m2/repository/commons-net/commons-net/3.6/commons-net-3.6.jar:/Users/arthyuthayarajah/.m2/repository/commons-collections/commons-collections/3.2.2/commons-collections-3.2.2.jar:/Users/arthyuthayarajah/.m2/repository/javax/servlet/javax.servlet-api/3.1.0/javax.servlet-api-3.1.0.jar:/Users/arthyuthayarajah/.m2/repository/javax/activation/javax.activation-api/1.2.0/javax.activation-api-1.2.0.jar:/Users/arthyuthayarajah/.m2/repository/org/eclipse/jetty/jetty-server/9.4.20.v20190813/jetty-server-9.4.20.v20190813.jar:/Users/arthyuthayarajah/.m2/repository/org/eclipse/jetty/jetty-http/9.4.20.v20190813/jetty-http-9.4.20.v20190813.jar:/Users/arthyuthayarajah/.m2/repository/org/eclipse/jetty/jetty-io/9.4.20.v20190813/jetty-io-9.4.20.v20190813.jar:/Users/arthyuthayarajah/.m2/repository/org/eclipse/jetty/jetty-util/9.4.20.v20190813/jetty-util-9.4.20.v20190813.jar:/Users/arthyuthayarajah/.m2/repository/org/eclipse/jetty/jetty-servlet/9.4.20.v20190813/jetty-servlet-9.4.20.v20190813.jar:/Users/arthyuthayarajah/.m2/repository/org/eclipse/jetty/jetty-security/9.4.20.v20190813/jetty-security-9.4.20.v20190813.jar:/Users/arthyuthayarajah/.m2/repository/org/eclipse/jetty/jetty-webapp/9.4.20.v20190813/jetty-webapp-9.4.20.v20190813.jar:/Users/arthyuthayarajah/.m2/repository/org/eclipse/jetty/jetty-xml/9.4.20.v20190813/jetty-xml-9.4.20.v20190813.jar:/Users/arthyuthayarajah/.m2/repository/javax/servlet/jsp/jsp-api/2.1/jsp-api-2.1.jar:/Users/arthyuthayarajah/.m2/repository/com/sun/jersey/jersey-core/1.19/jersey-core-1.19.jar:/Users/arthyuthayarajah/.m2/repository/javax/ws/rs/jsr311-api/1.1.1/jsr311-api-1.1.1.jar:/Users/arthyuthayarajah/.m2/repository/com/sun/jersey/jersey-servlet/1.19/jersey-servlet-1.19.jar:/Users/arthyuthayarajah/.m2/repository/com/sun/jersey/jersey-json/1.19/jersey-json-1.19.jar:/Users/arthyuthayarajah/.m2/repository/org/codehaus/jettison/jettison/1.1/jettison-1.1.jar:/Users/arthyuthayarajah/.m2/repository/com/sun/xml/bind/jaxb-impl/2.2.3-1/jaxb-impl-2.2.3-1.jar:/Users/arthyuthayarajah/.m2/repository/org/codehaus/jackson/jackson-core-asl/1.9.2/jackson-core-asl-1.9.2.jar:/Users/arthyuthayarajah/.m2/repository/org/codehaus/jackson/jackson-mapper-asl/1.9.2/jackson-mapper-asl-1.9.2.jar:/Users/arthyuthayarajah/.m2/repository/org/codehaus/jackson/jackson-jaxrs/1.9.2/jackson-jaxrs-1.9.2.jar:/Users/arthyuthayarajah/.m2/repository/org/codehaus/jackson/jackson-xc/1.9.2/jackson-xc-1.9.2.jar:/Users/arthyuthayarajah/.m2/repository/com/sun/jersey/jersey-server/1.19/jersey-server-1.19.jar:/Users/arthyuthayarajah/.m2/repository/commons-logging/commons-logging/1.1.3/commons-logging-1.1.3.jar:/Users/arthyuthayarajah/.m2/repository/log4j/log4j/1.2.17/log4j-1.2.17.jar:/Users/arthyuthayarajah/.m2/repository/commons-beanutils/commons-beanutils/1.9.4/commons-beanutils-1.9.4.jar:/Users/arthyuthayarajah/.m2/repository/org/apache/commons/commons-configuration2/2.1.1/commons-configuration2-2.1.1.jar:/Users/arthyuthayarajah/.m2/repository/org/apache/commons/commons-lang3/3.7/commons-lang3-3.7.jar:/Users/arthyuthayarajah/.m2/repository/org/apache/commons/commons-text/1.4/commons-text-1.4.jar:/Users/arthyuthayarajah/.m2/repository/org/slf4j/slf4j-api/1.7.25/slf4j-api-1.7.25.jar:/Users/arthyuthayarajah/.m2/repository/org/slf4j/slf4j-log4j12/1.7.25/slf4j-log4j12-1.7.25.jar:/Users/arthyuthayarajah/.m2/repository/org/apache/avro/avro/1.7.7/avro-1.7.7.jar:/Users/arthyuthayarajah/.m2/repository/com/thoughtworks/paranamer/paranamer/2.3/paranamer-2.3.jar:/Users/arthyuthayarajah/.m2/repository/org/xerial/snappy/snappy-java/1.0.5/snappy-java-1.0.5.jar:/Users/arthyuthayarajah/.m2/repository/com/google/re2j/re2j/1.1/re2j-1.1.jar:/Users/arthyuthayarajah/.m2/repository/com/google/protobuf/protobuf-java/2.5.0/protobuf-java-2.5.0.jar:/Users/arthyuthayarajah/.m2/repository/com/google/code/gson/gson/2.2.4/gson-2.2.4.jar:/Users/arthyuthayarajah/.m2/repository/org/apache/hadoop/hadoop-auth/3.2.2/hadoop-auth-3.2.2.jar:/Users/arthyuthayarajah/.m2/repository/com/nimbusds/nimbus-jose-jwt/7.9/nimbus-jose-jwt-7.9.jar:/Users/arthyuthayarajah/.m2/repository/com/github/stephenc/jcip/jcip-annotations/1.0-1/jcip-annotations-1.0-1.jar:/Users/arthyuthayarajah/.m2/repository/net/minidev/json-smart/2.3/json-smart-2.3.jar:/Users/arthyuthayarajah/.m2/repository/net/minidev/accessors-smart/1.2/accessors-smart-1.2.jar:/Users/arthyuthayarajah/.m2/repository/org/ow2/asm/asm/5.0.4/asm-5.0.4.jar:/Users/arthyuthayarajah/.m2/repository/org/apache/curator/curator-framework/2.13.0/curator-framework-2.13.0.jar:/Users/arthyuthayarajah/.m2/repository/com/jcraft/jsch/0.1.55/jsch-0.1.55.jar:/Users/arthyuthayarajah/.m2/repository/org/apache/curator/curator-client/2.13.0/curator-client-2.13.0.jar:/Users/arthyuthayarajah/.m2/repository/org/apache/curator/curator-recipes/2.13.0/curator-recipes-2.13.0.jar:/Users/arthyuthayarajah/.m2/repository/com/google/code/findbugs/jsr305/3.0.2/jsr305-3.0.2.jar:/Users/arthyuthayarajah/.m2/repository/org/apache/htrace/htrace-core4/4.1.0-incubating/htrace-core4-4.1.0-incubating.jar:/Users/arthyuthayarajah/.m2/repository/org/apache/zookeeper/zookeeper/3.4.13/zookeeper-3.4.13.jar:/Users/arthyuthayarajah/.m2/repository/jline/jline/0.9.94/jline-0.9.94.jar:/Users/arthyuthayarajah/.m2/repository/org/apache/yetus/audience-annotations/0.5.0/audience-annotations-0.5.0.jar:/Users/arthyuthayarajah/.m2/repository/org/apache/commons/commons-compress/1.19/commons-compress-1.19.jar:/Users/arthyuthayarajah/.m2/repository/org/apache/kerby/kerb-simplekdc/1.0.1/kerb-simplekdc-1.0.1.jar:/Users/arthyuthayarajah/.m2/repository/org/apache/kerby/kerb-client/1.0.1/kerb-client-1.0.1.jar:/Users/arthyuthayarajah/.m2/repository/org/apache/kerby/kerby-config/1.0.1/kerby-config-1.0.1.jar:/Users/arthyuthayarajah/.m2/repository/org/apache/kerby/kerb-core/1.0.1/kerb-core-1.0.1.jar:/Users/arthyuthayarajah/.m2/repository/org/apache/kerby/kerby-pkix/1.0.1/kerby-pkix-1.0.1.jar:/Users/arthyuthayarajah/.m2/repository/org/apache/kerby/kerby-asn1/1.0.1/kerby-asn1-1.0.1.jar:/Users/arthyuthayarajah/.m2/repository/org/apache/kerby/kerby-util/1.0.1/kerby-util-1.0.1.jar:/Users/arthyuthayarajah/.m2/repository/org/apache/kerby/kerb-common/1.0.1/kerb-common-1.0.1.jar:/Users/arthyuthayarajah/.m2/repository/org/apache/kerby/kerb-crypto/1.0.1/kerb-crypto-1.0.1.jar:/Users/arthyuthayarajah/.m2/repository/org/apache/kerby/kerb-util/1.0.1/kerb-util-1.0.1.jar:/Users/arthyuthayarajah/.m2/repository/org/apache/kerby/token-provider/1.0.1/token-provider-1.0.1.jar:/Users/arthyuthayarajah/.m2/repository/org/apache/kerby/kerb-admin/1.0.1/kerb-admin-1.0.1.jar:/Users/arthyuthayarajah/.m2/repository/org/apache/kerby/kerb-server/1.0.1/kerb-server-1.0.1.jar:/Users/arthyuthayarajah/.m2/repository/org/apache/kerby/kerb-identity/1.0.1/kerb-identity-1.0.1.jar:/Users/arthyuthayarajah/.m2/repository/org/apache/kerby/kerby-xdr/1.0.1/kerby-xdr-1.0.1.jar:/Users/arthyuthayarajah/.m2/repository/com/fasterxml/jackson/core/jackson-databind/2.9.10.4/jackson-databind-2.9.10.4.jar:/Users/arthyuthayarajah/.m2/repository/com/fasterxml/jackson/core/jackson-annotations/2.9.10/jackson-annotations-2.9.10.jar:/Users/arthyuthayarajah/.m2/repository/com/fasterxml/jackson/core/jackson-core/2.9.10/jackson-core-2.9.10.jar:/Users/arthyuthayarajah/.m2/repository/org/codehaus/woodstox/stax2-api/3.1.4/stax2-api-3.1.4.jar:/Users/arthyuthayarajah/.m2/repository/com/fasterxml/woodstox/woodstox-core/5.0.3/woodstox-core-5.0.3.jar:/Users/arthyuthayarajah/.m2/repository/dnsjava/dnsjava/2.1.7/dnsjava-2.1.7.jar:/Users/arthyuthayarajah/.m2/repository/org/apache/hadoop/hadoop-client/3.2.2/hadoop-client-3.2.2.jar:/Users/arthyuthayarajah/.m2/repository/org/apache/hadoop/hadoop-hdfs-client/3.2.2/hadoop-hdfs-client-3.2.2.jar:/Users/arthyuthayarajah/.m2/repository/com/squareup/okhttp/okhttp/2.7.5/okhttp-2.7.5.jar:/Users/arthyuthayarajah/.m2/repository/com/squareup/okio/okio/1.6.0/okio-1.6.0.jar:/Users/arthyuthayarajah/.m2/repository/org/apache/hadoop/hadoop-yarn-api/3.2.2/hadoop-yarn-api-3.2.2.jar:/Users/arthyuthayarajah/.m2/repository/javax/xml/bind/jaxb-api/2.2.11/jaxb-api-2.2.11.jar:/Users/arthyuthayarajah/.m2/repository/org/apache/hadoop/hadoop-yarn-client/3.2.2/hadoop-yarn-client-3.2.2.jar:/Users/arthyuthayarajah/.m2/repository/org/apache/hadoop/hadoop-mapreduce-client-core/3.2.2/hadoop-mapreduce-client-core-3.2.2.jar:/Users/arthyuthayarajah/.m2/repository/org/apache/hadoop/hadoop-yarn-common/3.2.2/hadoop-yarn-common-3.2.2.jar:/Users/arthyuthayarajah/.m2/repository/com/sun/jersey/jersey-client/1.19/jersey-client-1.19.jar:/Users/arthyuthayarajah/.m2/repository/com/fasterxml/jackson/module/jackson-module-jaxb-annotations/2.9.10/jackson-module-jaxb-annotations-2.9.10.jar:/Users/arthyuthayarajah/.m2/repository/com/fasterxml/jackson/jaxrs/jackson-jaxrs-json-provider/2.9.10/jackson-jaxrs-json-provider-2.9.10.jar:/Users/arthyuthayarajah/.m2/repository/com/fasterxml/jackson/jaxrs/jackson-jaxrs-base/2.9.10/jackson-jaxrs-base-2.9.10.jar:/Users/arthyuthayarajah/.m2/repository/org/apache/hadoop/hadoop-mapreduce-client-jobclient/3.2.2/hadoop-mapreduce-client-jobclient-3.2.2.jar:/Users/arthyuthayarajah/.m2/repository/org/apache/hadoop/hadoop-mapreduce-client-common/3.2.2/hadoop-mapreduce-client-common-3.2.2.jar:/Users/arthyuthayarajah/.m2/repository/org/apache/hadoop/hadoop-hdfs/3.2.2/hadoop-hdfs-3.2.2.jar:/Users/arthyuthayarajah/.m2/repository/org/eclipse/jetty/jetty-util-ajax/9.4.20.v20190813/jetty-util-ajax-9.4.20.v20190813.jar:/Users/arthyuthayarajah/.m2/repository/commons-daemon/commons-daemon/1.0.13/commons-daemon-1.0.13.jar:/Users/arthyuthayarajah/.m2/repository/io/netty/netty/3.10.6.Final/netty-3.10.6.Final.jar:/Users/arthyuthayarajah/.m2/repository/io/netty/netty-all/4.1.48.Final/netty-all-4.1.48.Final.jar:/Users/arthyuthayarajah/.m2/repository/org/fusesource/leveldbjni/leveldbjni-all/1.8/leveldbjni-all-1.8.jar:/Users/arthyuthayarajah/.m2/repository/junit/junit/4.11/junit-4.11.jar:/Users/arthyuthayarajah/.m2/repository/org/hamcrest/hamcrest-core/1.3/hamcrest-core-1.3.jar:/Users/arthyuthayarajah/.m2/repository/org/mockito/mockito-all/1.10.19/mockito-all-1.10.19.jar:"/>
    <property name="sun.cpu.endian" value="little"/>
    <property name="user.home" value="/Users/arthyuthayarajah"/>
    <property name="user.language" value="fr"/>
    <property name="java.specification.vendor" value="Oracle Corporation"/>
    <property name="java.home" value="/Library/Java/JavaVirtualMachines/adoptopenjdk-8.jdk/Contents/Home/jre"/>
    <property name="basedir" value="/Users/arthyuthayarajah/workspace/project/hadoop-examples-mapreduce"/>
    <property name="file.separator" value="/"/>
    <property name="line.separator" value="&#10;"/>
    <property name="java.vm.specification.vendor" value="Oracle Corporation"/>
    <property name="java.specification.name" value="Java Platform API Specification"/>
    <property name="java.awt.graphicsenv" value="sun.awt.CGraphicsEnvironment"/>
    <property name="surefire.real.class.path" value="/Users/arthyuthayarajah/workspace/project/hadoop-examples-mapreduce/target/surefire/surefirebooter-20240717174835518_3.jar"/>
    <property name="sun.boot.class.path" value="/Library/Java/JavaVirtualMachines/adoptopenjdk-8.jdk/Contents/Home/jre/lib/resources.jar:/Library/Java/JavaVirtualMachines/adoptopenjdk-8.jdk/Contents/Home/jre/lib/rt.jar:/Library/Java/JavaVirtualMachines/adoptopenjdk-8.jdk/Contents/Home/jre/lib/sunrsasign.jar:/Library/Java/JavaVirtualMachines/adoptopenjdk-8.jdk/Contents/Home/jre/lib/jsse.jar:/Library/Java/JavaVirtualMachines/adoptopenjdk-8.jdk/Contents/Home/jre/lib/jce.jar:/Library/Java/JavaVirtualMachines/adoptopenjdk-8.jdk/Contents/Home/jre/lib/charsets.jar:/Library/Java/JavaVirtualMachines/adoptopenjdk-8.jdk/Contents/Home/jre/lib/jfr.jar:/Library/Java/JavaVirtualMachines/adoptopenjdk-8.jdk/Contents/Home/jre/classes"/>
    <property name="sun.management.compiler" value="HotSpot 64-Bit Tiered Compilers"/>
    <property name="ftp.nonProxyHosts" value="local|*.local|169.254/16|*.169.254/16"/>
    <property name="java.runtime.version" value="1.8.0_292-b10"/>
    <property name="user.name" value="arthyuthayarajah"/>
    <property name="path.separator" value=":"/>
    <property name="os.version" value="10.16"/>
    <property name="java.endorsed.dirs" value="/Library/Java/JavaVirtualMachines/adoptopenjdk-8.jdk/Contents/Home/jre/lib/endorsed"/>
    <property name="java.runtime.name" value="OpenJDK Runtime Environment"/>
    <property name="file.encoding" value="UTF-8"/>
    <property name="java.vm.name" value="OpenJDK 64-Bit Server VM"/>
    <property name="localRepository" value="/Users/arthyuthayarajah/.m2/repository"/>
    <property name="java.vendor.url.bug" value="https://github.com/AdoptOpenJDK/openjdk-support/issues"/>
    <property name="java.io.tmpdir" value="/var/folders/d2/c0y6r3d92jb5p9lk7wp4cv480000gn/T/"/>
    <property name="idea.version" value="2024.1.4"/>
    <property name="java.version" value="1.8.0_292"/>
    <property name="user.dir" value="/Users/arthyuthayarajah/workspace/project/hadoop-examples-mapreduce"/>
    <property name="os.arch" value="x86_64"/>
    <property name="java.vm.specification.name" value="Java Virtual Machine Specification"/>
    <property name="java.awt.printerjob" value="sun.lwawt.macosx.CPrinterJob"/>
    <property name="sun.os.patch.level" value="unknown"/>
    <property name="java.library.path" value="/Users/arthyuthayarajah/Library/Java/Extensions:/Library/Java/Extensions:/Network/Library/Java/Extensions:/System/Library/Java/Extensions:/usr/lib/java:."/>
    <property name="java.vm.info" value="mixed mode"/>
    <property name="java.vendor" value="AdoptOpenJDK"/>
    <property name="java.vm.version" value="25.292-b10"/>
    <property name="java.ext.dirs" value="/Users/arthyuthayarajah/Library/Java/Extensions:/Library/Java/JavaVirtualMachines/adoptopenjdk-8.jdk/Contents/Home/jre/lib/ext:/Library/Java/Extensions:/Network/Library/Java/Extensions:/System/Library/Java/Extensions:/usr/lib/java"/>
    <property name="sun.io.unicode.encoding" value="UnicodeBig"/>
    <property name="java.class.version" value="52.0"/>
    <property name="socksNonProxyHosts" value="local|*.local|169.254/16|*.169.254/16"/>
  </properties>
  <testcase name="testMap" classname="com.opstty.mapper.TokenizerMapperTest" time="0.047"/>
</testsuite>